Flow report for ECEN3002_Project1
Thu Oct 22 17:50:16 2020
Quartus Prime Version 20.1.0 Build 711 06/05/2020 SJ Standard Edition


---------------------
; Table of Contents ;
---------------------
  1. Legal Notice
  2. Flow Summary
  3. Flow Settings
  4. Flow Non-Default Global Settings
  5. Flow Elapsed Time
  6. Flow OS Summary
  7. Flow Log
  8. Flow Messages
  9. Flow Suppressed Messages



----------------
; Legal Notice ;
----------------
Copyright (C) 2020  Intel Corporation. All rights reserved.
Your use of Intel Corporation's design tools, logic functions 
and other software and tools, and any partner logic 
functions, and any output files from any of the foregoing 
(including device programming or simulation files), and any 
associated documentation or information are expressly subject 
to the terms and conditions of the Intel Program License 
Subscription Agreement, the Intel Quartus Prime License Agreement,
the Intel FPGA IP License Agreement, or other applicable license
agreement, including, without limitation, that your use is for
the sole purpose of programming logic devices manufactured by
Intel and sold by Intel or its authorized distributors.  Please
refer to the applicable agreement for further details, at
https://fpgasoftware.intel.com/eula.



+-----------------------------------------------------------------------------------+
; Flow Summary                                                                      ;
+---------------------------------+-------------------------------------------------+
; Flow Status                     ; Successful - Thu Oct 22 17:50:16 2020           ;
; Quartus Prime Version           ; 20.1.0 Build 711 06/05/2020 SJ Standard Edition ;
; Revision Name                   ; ECEN3002_Project1                               ;
; Top-level Entity Name           ; ECEN3002_Project1                               ;
; Family                          ; Cyclone V                                       ;
; Device                          ; 5CSXFC6D6F31C6                                  ;
; Timing Models                   ; Final                                           ;
; Logic utilization (in ALMs)     ; 146 / 41,910 ( < 1 % )                          ;
; Total registers                 ; 175                                             ;
; Total pins                      ; 44 / 499 ( 9 % )                                ;
; Total virtual pins              ; 0                                               ;
; Total block memory bits         ; 1,536 / 5,662,720 ( < 1 % )                     ;
; Total DSP Blocks                ; 0 / 112 ( 0 % )                                 ;
; Total HSSI RX PCSs              ; 0 / 9 ( 0 % )                                   ;
; Total HSSI PMA RX Deserializers ; 0 / 9 ( 0 % )                                   ;
; Total HSSI TX PCSs              ; 0 / 9 ( 0 % )                                   ;
; Total HSSI PMA TX Serializers   ; 0 / 9 ( 0 % )                                   ;
; Total PLLs                      ; 1 / 15 ( 7 % )                                  ;
; Total DLLs                      ; 0 / 4 ( 0 % )                                   ;
+---------------------------------+-------------------------------------------------+


+-----------------------------------------+
; Flow Settings                           ;
+-------------------+---------------------+
; Option            ; Setting             ;
+-------------------+---------------------+
; Start date & time ; 10/22/2020 14:31:58 ;
; Main task         ; Compilation         ;
; Revision Name     ; ECEN3002_Project1   ;
+-------------------+---------------------+


+--------------------------------------------------------------------+
; Flow Non-Default Global Settings                                   ;
+-----------------+-------+---------------+-------------+------------+
; Assignment Name ; Value ; Default Value ; Entity Name ; Section Id ;
+-----------------+-------+---------------+-------------+------------+


+--------------------------------------------------------------------------------------------------------------------------+
; Flow Elapsed Time                                                                                                        ;
+----------------------+--------------+-------------------------+---------------------+------------------------------------+
; Module Name          ; Elapsed Time ; Average Processors Used ; Peak Virtual Memory ; Total CPU Time (on all processors) ;
+----------------------+--------------+-------------------------+---------------------+------------------------------------+
; Analysis & Synthesis ; 00:00:09     ; 1.0                     ; 4860 MB             ; 00:00:17                           ;
; Partition Merge      ; 00:00:01     ; 1.0                     ; 4779 MB             ; 00:00:01                           ;
; Fitter               ; 00:00:34     ; 1.0                     ; 6798 MB             ; 00:01:15                           ;
; Assembler            ; 00:00:08     ; 1.0                     ; 4852 MB             ; 00:00:06                           ;
; Timing Analyzer      ; 00:00:06     ; 1.1                     ; 5175 MB             ; 00:00:05                           ;
; EDA Netlist Writer   ; 00:00:01     ; 1.0                     ; 4837 MB             ; 00:00:01                           ;
; Analysis & Synthesis ; 00:00:22     ; 1.1                     ; 4886 MB             ; 00:00:45                           ;
; Partition Merge      ; 00:00:01     ; 1.0                     ; 4779 MB             ; 00:00:01                           ;
; Fitter               ; 00:00:46     ; 1.0                     ; 6961 MB             ; 00:02:00                           ;
; Assembler            ; 00:00:05     ; 1.0                     ; 4854 MB             ; 00:00:06                           ;
; Timing Analyzer      ; 00:00:10     ; 1.1                     ; 5235 MB             ; 00:00:10                           ;
; EDA Netlist Writer   ; 00:00:02     ; 1.0                     ; 4841 MB             ; 00:00:02                           ;
; Analysis & Synthesis ; 00:00:18     ; 1.0                     ; 4895 MB             ; 00:00:35                           ;
; Partition Merge      ; 00:00:01     ; 1.0                     ; 4779 MB             ; 00:00:01                           ;
; Fitter               ; 00:00:39     ; 1.0                     ; 6966 MB             ; 00:01:47                           ;
; Assembler            ; 00:00:06     ; 1.0                     ; 4853 MB             ; 00:00:06                           ;
; Timing Analyzer      ; 00:00:06     ; 1.2                     ; 5236 MB             ; 00:00:06                           ;
; EDA Netlist Writer   ; 00:00:02     ; 1.0                     ; 4841 MB             ; 00:00:02                           ;
; Analysis & Synthesis ; 00:00:18     ; 1.0                     ; 4897 MB             ; 00:00:35                           ;
; Partition Merge      ; 00:00:00     ; 1.0                     ; 4779 MB             ; 00:00:01                           ;
; Fitter               ; 00:00:38     ; 1.0                     ; 6962 MB             ; 00:01:43                           ;
; Assembler            ; 00:00:06     ; 1.0                     ; 4854 MB             ; 00:00:06                           ;
; Timing Analyzer      ; 00:00:05     ; 1.2                     ; 5235 MB             ; 00:00:07                           ;
; EDA Netlist Writer   ; 00:00:02     ; 1.0                     ; 4841 MB             ; 00:00:02                           ;
; Analysis & Synthesis ; 00:00:18     ; 1.0                     ; 4894 MB             ; 00:00:35                           ;
; Partition Merge      ; 00:00:01     ; 1.0                     ; 4779 MB             ; 00:00:01                           ;
; Fitter               ; 00:00:38     ; 1.0                     ; 6970 MB             ; 00:01:43                           ;
; Assembler            ; 00:00:06     ; 1.0                     ; 4848 MB             ; 00:00:06                           ;
; Timing Analyzer      ; 00:00:07     ; 1.1                     ; 5235 MB             ; 00:00:06                           ;
; EDA Netlist Writer   ; 00:00:02     ; 1.0                     ; 4843 MB             ; 00:00:02                           ;
; Analysis & Synthesis ; 00:00:17     ; 1.0                     ; 4887 MB             ; 00:00:35                           ;
; Partition Merge      ; 00:00:01     ; 1.0                     ; 4910 MB             ; 00:00:01                           ;
; Fitter               ; 00:00:39     ; 1.0                     ; 7006 MB             ; 00:01:43                           ;
; Assembler            ; 00:00:06     ; 1.0                     ; 4860 MB             ; 00:00:06                           ;
; Timing Analyzer      ; 00:00:06     ; 1.2                     ; 5238 MB             ; 00:00:06                           ;
; EDA Netlist Writer   ; 00:00:02     ; 1.0                     ; 4844 MB             ; 00:00:02                           ;
; Analysis & Synthesis ; 00:00:20     ; 1.0                     ; 4894 MB             ; 00:00:39                           ;
; Partition Merge      ; 00:00:01     ; 1.0                     ; 4779 MB             ; 00:00:01                           ;
; Fitter               ; 00:00:39     ; 1.0                     ; 6962 MB             ; 00:01:44                           ;
; Assembler            ; 00:00:06     ; 1.0                     ; 4853 MB             ; 00:00:06                           ;
; Timing Analyzer      ; 00:00:06     ; 1.2                     ; 5236 MB             ; 00:00:07                           ;
; EDA Netlist Writer   ; 00:00:02     ; 1.0                     ; 4840 MB             ; 00:00:02                           ;
; Analysis & Synthesis ; 00:00:13     ; 1.0                     ; 4868 MB             ; 00:00:17                           ;
; Analysis & Synthesis ; 00:00:08     ; 1.0                     ; 4869 MB             ; 00:00:18                           ;
; Analysis & Synthesis ; 00:00:08     ; 1.0                     ; 4774 MB             ; 00:00:19                           ;
; Analysis & Synthesis ; 00:00:08     ; 1.0                     ; 4775 MB             ; 00:00:20                           ;
; Analysis & Synthesis ; 00:00:08     ; 1.0                     ; 4776 MB             ; 00:00:20                           ;
; Analysis & Synthesis ; 00:00:09     ; 1.0                     ; 4865 MB             ; 00:00:22                           ;
; Analysis & Synthesis ; 00:00:10     ; 1.0                     ; 4869 MB             ; 00:00:22                           ;
; Analysis & Synthesis ; 00:00:21     ; 1.0                     ; 4897 MB             ; 00:00:45                           ;
; Partition Merge      ; 00:00:01     ; 1.0                     ; 4779 MB             ; 00:00:01                           ;
; Fitter               ; 00:00:46     ; 1.0                     ; 6956 MB             ; 00:01:44                           ;
; Assembler            ; 00:00:09     ; 1.0                     ; 4853 MB             ; 00:00:06                           ;
; Timing Analyzer      ; 00:00:06     ; 1.2                     ; 5238 MB             ; 00:00:07                           ;
; EDA Netlist Writer   ; 00:00:02     ; 1.0                     ; 4843 MB             ; 00:00:02                           ;
; Analysis & Synthesis ; 00:00:18     ; 1.0                     ; 4889 MB             ; 00:00:35                           ;
; Partition Merge      ; 00:00:01     ; 1.0                     ; 4779 MB             ; 00:00:01                           ;
; Fitter               ; 00:00:37     ; 1.0                     ; 6967 MB             ; 00:01:32                           ;
; Assembler            ; 00:00:05     ; 1.0                     ; 4856 MB             ; 00:00:06                           ;
; Timing Analyzer      ; 00:00:06     ; 1.2                     ; 5234 MB             ; 00:00:07                           ;
; EDA Netlist Writer   ; 00:00:02     ; 1.0                     ; 4843 MB             ; 00:00:02                           ;
; Analysis & Synthesis ; 00:00:18     ; 1.0                     ; 4893 MB             ; 00:00:35                           ;
; Partition Merge      ; 00:00:01     ; 1.0                     ; 4779 MB             ; 00:00:01                           ;
; Fitter               ; 00:00:37     ; 1.0                     ; 6973 MB             ; 00:01:37                           ;
; Assembler            ; 00:00:06     ; 1.0                     ; 4856 MB             ; 00:00:06                           ;
; Timing Analyzer      ; 00:00:06     ; 1.2                     ; 5235 MB             ; 00:00:07                           ;
; EDA Netlist Writer   ; 00:00:02     ; 1.0                     ; 4843 MB             ; 00:00:02                           ;
; Total                ; 00:13:11     ; --                      ; --                  ; 00:27:39                           ;
+----------------------+--------------+-------------------------+---------------------+------------------------------------+


+----------------------------------------------------------------------------------------------+
; Flow OS Summary                                                                              ;
+----------------------+----------------------------+------------+------------+----------------+
; Module Name          ; Machine Hostname           ; OS Name    ; OS Version ; Processor type ;
+----------------------+----------------------------+------------+------------+----------------+
; Analysis & Synthesis ; Adam-Chehadi-Lenovo-Legion ; Windows 10 ; 10.0       ; x86_64         ;
; Partition Merge      ; Adam-Chehadi-Lenovo-Legion ; Windows 10 ; 10.0       ; x86_64         ;
; Fitter               ; Adam-Chehadi-Lenovo-Legion ; Windows 10 ; 10.0       ; x86_64         ;
; Assembler            ; Adam-Chehadi-Lenovo-Legion ; Windows 10 ; 10.0       ; x86_64         ;
; Timing Analyzer      ; Adam-Chehadi-Lenovo-Legion ; Windows 10 ; 10.0       ; x86_64         ;
; EDA Netlist Writer   ; Adam-Chehadi-Lenovo-Legion ; Windows 10 ; 10.0       ; x86_64         ;
; Analysis & Synthesis ; Adam-Chehadi-Lenovo-Legion ; Windows 10 ; 10.0       ; x86_64         ;
; Partition Merge      ; Adam-Chehadi-Lenovo-Legion ; Windows 10 ; 10.0       ; x86_64         ;
; Fitter               ; Adam-Chehadi-Lenovo-Legion ; Windows 10 ; 10.0       ; x86_64         ;
; Assembler            ; Adam-Chehadi-Lenovo-Legion ; Windows 10 ; 10.0       ; x86_64         ;
; Timing Analyzer      ; Adam-Chehadi-Lenovo-Legion ; Windows 10 ; 10.0       ; x86_64         ;
; EDA Netlist Writer   ; Adam-Chehadi-Lenovo-Legion ; Windows 10 ; 10.0       ; x86_64         ;
; Analysis & Synthesis ; Adam-Chehadi-Lenovo-Legion ; Windows 10 ; 10.0       ; x86_64         ;
; Partition Merge      ; Adam-Chehadi-Lenovo-Legion ; Windows 10 ; 10.0       ; x86_64         ;
; Fitter               ; Adam-Chehadi-Lenovo-Legion ; Windows 10 ; 10.0       ; x86_64         ;
; Assembler            ; Adam-Chehadi-Lenovo-Legion ; Windows 10 ; 10.0       ; x86_64         ;
; Timing Analyzer      ; Adam-Chehadi-Lenovo-Legion ; Windows 10 ; 10.0       ; x86_64         ;
; EDA Netlist Writer   ; Adam-Chehadi-Lenovo-Legion ; Windows 10 ; 10.0       ; x86_64         ;
; Analysis & Synthesis ; Adam-Chehadi-Lenovo-Legion ; Windows 10 ; 10.0       ; x86_64         ;
; Partition Merge      ; Adam-Chehadi-Lenovo-Legion ; Windows 10 ; 10.0       ; x86_64         ;
; Fitter               ; Adam-Chehadi-Lenovo-Legion ; Windows 10 ; 10.0       ; x86_64         ;
; Assembler            ; Adam-Chehadi-Lenovo-Legion ; Windows 10 ; 10.0       ; x86_64         ;
; Timing Analyzer      ; Adam-Chehadi-Lenovo-Legion ; Windows 10 ; 10.0       ; x86_64         ;
; EDA Netlist Writer   ; Adam-Chehadi-Lenovo-Legion ; Windows 10 ; 10.0       ; x86_64         ;
; Analysis & Synthesis ; Adam-Chehadi-Lenovo-Legion ; Windows 10 ; 10.0       ; x86_64         ;
; Partition Merge      ; Adam-Chehadi-Lenovo-Legion ; Windows 10 ; 10.0       ; x86_64         ;
; Fitter               ; Adam-Chehadi-Lenovo-Legion ; Windows 10 ; 10.0       ; x86_64         ;
; Assembler            ; Adam-Chehadi-Lenovo-Legion ; Windows 10 ; 10.0       ; x86_64         ;
; Timing Analyzer      ; Adam-Chehadi-Lenovo-Legion ; Windows 10 ; 10.0       ; x86_64         ;
; EDA Netlist Writer   ; Adam-Chehadi-Lenovo-Legion ; Windows 10 ; 10.0       ; x86_64         ;
; Analysis & Synthesis ; Adam-Chehadi-Lenovo-Legion ; Windows 10 ; 10.0       ; x86_64         ;
; Partition Merge      ; Adam-Chehadi-Lenovo-Legion ; Windows 10 ; 10.0       ; x86_64         ;
; Fitter               ; Adam-Chehadi-Lenovo-Legion ; Windows 10 ; 10.0       ; x86_64         ;
; Assembler            ; Adam-Chehadi-Lenovo-Legion ; Windows 10 ; 10.0       ; x86_64         ;
; Timing Analyzer      ; Adam-Chehadi-Lenovo-Legion ; Windows 10 ; 10.0       ; x86_64         ;
; EDA Netlist Writer   ; Adam-Chehadi-Lenovo-Legion ; Windows 10 ; 10.0       ; x86_64         ;
; Analysis & Synthesis ; Adam-Chehadi-Lenovo-Legion ; Windows 10 ; 10.0       ; x86_64         ;
; Partition Merge      ; Adam-Chehadi-Lenovo-Legion ; Windows 10 ; 10.0       ; x86_64         ;
; Fitter               ; Adam-Chehadi-Lenovo-Legion ; Windows 10 ; 10.0       ; x86_64         ;
; Assembler            ; Adam-Chehadi-Lenovo-Legion ; Windows 10 ; 10.0       ; x86_64         ;
; Timing Analyzer      ; Adam-Chehadi-Lenovo-Legion ; Windows 10 ; 10.0       ; x86_64         ;
; EDA Netlist Writer   ; Adam-Chehadi-Lenovo-Legion ; Windows 10 ; 10.0       ; x86_64         ;
; Analysis & Synthesis ; Adam-Chehadi-Lenovo-Legion ; Windows 10 ; 10.0       ; x86_64         ;
; Analysis & Synthesis ; Adam-Chehadi-Lenovo-Legion ; Windows 10 ; 10.0       ; x86_64         ;
; Analysis & Synthesis ; Adam-Chehadi-Lenovo-Legion ; Windows 10 ; 10.0       ; x86_64         ;
; Analysis & Synthesis ; Adam-Chehadi-Lenovo-Legion ; Windows 10 ; 10.0       ; x86_64         ;
; Analysis & Synthesis ; Adam-Chehadi-Lenovo-Legion ; Windows 10 ; 10.0       ; x86_64         ;
; Analysis & Synthesis ; Adam-Chehadi-Lenovo-Legion ; Windows 10 ; 10.0       ; x86_64         ;
; Analysis & Synthesis ; Adam-Chehadi-Lenovo-Legion ; Windows 10 ; 10.0       ; x86_64         ;
; Analysis & Synthesis ; Adam-Chehadi-Lenovo-Legion ; Windows 10 ; 10.0       ; x86_64         ;
; Partition Merge      ; Adam-Chehadi-Lenovo-Legion ; Windows 10 ; 10.0       ; x86_64         ;
; Fitter               ; Adam-Chehadi-Lenovo-Legion ; Windows 10 ; 10.0       ; x86_64         ;
; Assembler            ; Adam-Chehadi-Lenovo-Legion ; Windows 10 ; 10.0       ; x86_64         ;
; Timing Analyzer      ; Adam-Chehadi-Lenovo-Legion ; Windows 10 ; 10.0       ; x86_64         ;
; EDA Netlist Writer   ; Adam-Chehadi-Lenovo-Legion ; Windows 10 ; 10.0       ; x86_64         ;
; Analysis & Synthesis ; Adam-Chehadi-Lenovo-Legion ; Windows 10 ; 10.0       ; x86_64         ;
; Partition Merge      ; Adam-Chehadi-Lenovo-Legion ; Windows 10 ; 10.0       ; x86_64         ;
; Fitter               ; Adam-Chehadi-Lenovo-Legion ; Windows 10 ; 10.0       ; x86_64         ;
; Assembler            ; Adam-Chehadi-Lenovo-Legion ; Windows 10 ; 10.0       ; x86_64         ;
; Timing Analyzer      ; Adam-Chehadi-Lenovo-Legion ; Windows 10 ; 10.0       ; x86_64         ;
; EDA Netlist Writer   ; Adam-Chehadi-Lenovo-Legion ; Windows 10 ; 10.0       ; x86_64         ;
; Analysis & Synthesis ; Adam-Chehadi-Lenovo-Legion ; Windows 10 ; 10.0       ; x86_64         ;
; Partition Merge      ; Adam-Chehadi-Lenovo-Legion ; Windows 10 ; 10.0       ; x86_64         ;
; Fitter               ; Adam-Chehadi-Lenovo-Legion ; Windows 10 ; 10.0       ; x86_64         ;
; Assembler            ; Adam-Chehadi-Lenovo-Legion ; Windows 10 ; 10.0       ; x86_64         ;
; Timing Analyzer      ; Adam-Chehadi-Lenovo-Legion ; Windows 10 ; 10.0       ; x86_64         ;
; EDA Netlist Writer   ; Adam-Chehadi-Lenovo-Legion ; Windows 10 ; 10.0       ; x86_64         ;
+----------------------+----------------------------+------------+------------+----------------+


------------
; Flow Log ;
------------
quartus_sh --restore -output "C:/Users/adamp/OneDrive - UCB-O365/ECEN 3002/ECEN3002_Lab8/" -no_overwrite "C:/Users/adamp/OneDrive - UCB-O365/ECEN 3002/ECEN3002_Lab8.qar"
quartus_map --read_settings_files=on --write_settings_files=off ECEN3002_Project1 -c ECEN3002_Project1
quartus_cdb --read_settings_files=off --write_settings_files=off ECEN3002_Project1 -c ECEN3002_Project1 --merge=on
quartus_fit --read_settings_files=off --write_settings_files=off ECEN3002_Project1 -c ECEN3002_Project1
quartus_asm --read_settings_files=off --write_settings_files=off ECEN3002_Project1 -c ECEN3002_Project1
quartus_sta ECEN3002_Project1 -c ECEN3002_Project1
quartus_eda --read_settings_files=off --write_settings_files=off ECEN3002_Project1 -c ECEN3002_Project1
quartus_map --read_settings_files=on --write_settings_files=off ECEN3002_Project1 -c ECEN3002_Project1
quartus_cdb --read_settings_files=off --write_settings_files=off ECEN3002_Project1 -c ECEN3002_Project1 --merge=on
quartus_fit --read_settings_files=off --write_settings_files=off ECEN3002_Project1 -c ECEN3002_Project1
quartus_asm --read_settings_files=off --write_settings_files=off ECEN3002_Project1 -c ECEN3002_Project1
quartus_sta ECEN3002_Project1 -c ECEN3002_Project1
quartus_eda --read_settings_files=off --write_settings_files=off ECEN3002_Project1 -c ECEN3002_Project1
quartus_map --read_settings_files=on --write_settings_files=off ECEN3002_Project1 -c ECEN3002_Project1
quartus_cdb --read_settings_files=off --write_settings_files=off ECEN3002_Project1 -c ECEN3002_Project1 --merge=on
quartus_fit --read_settings_files=off --write_settings_files=off ECEN3002_Project1 -c ECEN3002_Project1
quartus_asm --read_settings_files=off --write_settings_files=off ECEN3002_Project1 -c ECEN3002_Project1
quartus_sta ECEN3002_Project1 -c ECEN3002_Project1
quartus_eda --read_settings_files=off --write_settings_files=off ECEN3002_Project1 -c ECEN3002_Project1
quartus_map --read_settings_files=on --write_settings_files=off ECEN3002_Project1 -c ECEN3002_Project1
quartus_cdb --read_settings_files=off --write_settings_files=off ECEN3002_Project1 -c ECEN3002_Project1 --merge=on
quartus_fit --read_settings_files=off --write_settings_files=off ECEN3002_Project1 -c ECEN3002_Project1
quartus_asm --read_settings_files=off --write_settings_files=off ECEN3002_Project1 -c ECEN3002_Project1
quartus_sta ECEN3002_Project1 -c ECEN3002_Project1
quartus_eda --read_settings_files=off --write_settings_files=off ECEN3002_Project1 -c ECEN3002_Project1
quartus_map --read_settings_files=on --write_settings_files=off ECEN3002_Project1 -c ECEN3002_Project1
quartus_cdb --read_settings_files=off --write_settings_files=off ECEN3002_Project1 -c ECEN3002_Project1 --merge=on
quartus_fit --read_settings_files=off --write_settings_files=off ECEN3002_Project1 -c ECEN3002_Project1
quartus_asm --read_settings_files=off --write_settings_files=off ECEN3002_Project1 -c ECEN3002_Project1
quartus_sta ECEN3002_Project1 -c ECEN3002_Project1
quartus_eda --read_settings_files=off --write_settings_files=off ECEN3002_Project1 -c ECEN3002_Project1
quartus_map --read_settings_files=on --write_settings_files=off ECEN3002_Project1 -c ECEN3002_Project1
quartus_cdb --read_settings_files=off --write_settings_files=off ECEN3002_Project1 -c ECEN3002_Project1 --merge=on
quartus_fit --read_settings_files=off --write_settings_files=off ECEN3002_Project1 -c ECEN3002_Project1
quartus_asm --read_settings_files=off --write_settings_files=off ECEN3002_Project1 -c ECEN3002_Project1
quartus_sta ECEN3002_Project1 -c ECEN3002_Project1
quartus_eda --read_settings_files=off --write_settings_files=off ECEN3002_Project1 -c ECEN3002_Project1
quartus_map --read_settings_files=on --write_settings_files=off ECEN3002_Project1 -c ECEN3002_Project1
quartus_cdb --read_settings_files=off --write_settings_files=off ECEN3002_Project1 -c ECEN3002_Project1 --merge=on
quartus_fit --read_settings_files=off --write_settings_files=off ECEN3002_Project1 -c ECEN3002_Project1
quartus_asm --read_settings_files=off --write_settings_files=off ECEN3002_Project1 -c ECEN3002_Project1
quartus_sta ECEN3002_Project1 -c ECEN3002_Project1
quartus_eda --read_settings_files=off --write_settings_files=off ECEN3002_Project1 -c ECEN3002_Project1
quartus_map --read_settings_files=on --write_settings_files=off ECEN3002_Project1 -c ECEN3002_Project1
quartus_map --read_settings_files=on --write_settings_files=off ECEN3002_Project1 -c ECEN3002_Project1
quartus_map --read_settings_files=on --write_settings_files=off ECEN3002_Project1 -c ECEN3002_Project1
quartus_map --read_settings_files=on --write_settings_files=off ECEN3002_Project1 -c ECEN3002_Project1
quartus_map --read_settings_files=on --write_settings_files=off ECEN3002_Project1 -c ECEN3002_Project1
quartus_map --read_settings_files=on --write_settings_files=off ECEN3002_Project1 -c ECEN3002_Project1
quartus_map --read_settings_files=on --write_settings_files=off ECEN3002_Project1 -c ECEN3002_Project1
quartus_map --read_settings_files=on --write_settings_files=off ECEN3002_Project1 -c ECEN3002_Project1
quartus_cdb --read_settings_files=off --write_settings_files=off ECEN3002_Project1 -c ECEN3002_Project1 --merge=on
quartus_fit --read_settings_files=off --write_settings_files=off ECEN3002_Project1 -c ECEN3002_Project1
quartus_asm --read_settings_files=off --write_settings_files=off ECEN3002_Project1 -c ECEN3002_Project1
quartus_sta ECEN3002_Project1 -c ECEN3002_Project1
quartus_eda --read_settings_files=off --write_settings_files=off ECEN3002_Project1 -c ECEN3002_Project1
quartus_map --read_settings_files=on --write_settings_files=off ECEN3002_Project1 -c ECEN3002_Project1
quartus_cdb --read_settings_files=off --write_settings_files=off ECEN3002_Project1 -c ECEN3002_Project1 --merge=on
quartus_fit --read_settings_files=off --write_settings_files=off ECEN3002_Project1 -c ECEN3002_Project1
quartus_asm --read_settings_files=off --write_settings_files=off ECEN3002_Project1 -c ECEN3002_Project1
quartus_sta ECEN3002_Project1 -c ECEN3002_Project1
quartus_eda --read_settings_files=off --write_settings_files=off ECEN3002_Project1 -c ECEN3002_Project1
quartus_map --read_settings_files=on --write_settings_files=off ECEN3002_Project1 -c ECEN3002_Project1
quartus_cdb --read_settings_files=off --write_settings_files=off ECEN3002_Project1 -c ECEN3002_Project1 --merge=on
quartus_fit --read_settings_files=off --write_settings_files=off ECEN3002_Project1 -c ECEN3002_Project1
quartus_asm --read_settings_files=off --write_settings_files=off ECEN3002_Project1 -c ECEN3002_Project1
quartus_sta ECEN3002_Project1 -c ECEN3002_Project1
quartus_eda --read_settings_files=off --write_settings_files=off ECEN3002_Project1 -c ECEN3002_Project1



