Flow report for DE10_Standard
Thu Oct 08 10:20:41 2020
Quartus Prime Version 20.1.0 Build 711 06/05/2020 SJ Standard Edition


---------------------
; Table of Contents ;
---------------------
  1. Legal Notice
  2. Flow Summary
  3. Flow Settings
  4. Flow Non-Default Global Settings
  5. Flow Elapsed Time
  6. Flow OS Summary
  7. Flow Log
  8. Flow Messages
  9. Flow Suppressed Messages



----------------
; Legal Notice ;
----------------
Copyright (C) 2020  Intel Corporation. All rights reserved.
Your use of Intel Corporation's design tools, logic functions 
and other software and tools, and any partner logic 
functions, and any output files from any of the foregoing 
(including device programming or simulation files), and any 
associated documentation or information are expressly subject 
to the terms and conditions of the Intel Program License 
Subscription Agreement, the Intel Quartus Prime License Agreement,
the Intel FPGA IP License Agreement, or other applicable license
agreement, including, without limitation, that your use is for
the sole purpose of programming logic devices manufactured by
Intel and sold by Intel or its authorized distributors.  Please
refer to the applicable agreement for further details, at
https://fpgasoftware.intel.com/eula.



+-----------------------------------------------------------------------------------+
; Flow Summary                                                                      ;
+---------------------------------+-------------------------------------------------+
; Flow Status                     ; Successful - Thu Oct 08 10:20:41 2020           ;
; Quartus Prime Version           ; 20.1.0 Build 711 06/05/2020 SJ Standard Edition ;
; Revision Name                   ; DE10_Standard                                   ;
; Top-level Entity Name           ; DE10_Standard                                   ;
; Family                          ; Cyclone V                                       ;
; Device                          ; 5CSXFC6D6F31C6                                  ;
; Timing Models                   ; Final                                           ;
; Logic utilization (in ALMs)     ; 1 / 41,910 ( < 1 % )                            ;
; Total registers                 ; 0                                               ;
; Total pins                      ; 47 / 499 ( 9 % )                                ;
; Total virtual pins              ; 0                                               ;
; Total block memory bits         ; 0 / 5,662,720 ( 0 % )                           ;
; Total DSP Blocks                ; 0 / 112 ( 0 % )                                 ;
; Total HSSI RX PCSs              ; 0 / 9 ( 0 % )                                   ;
; Total HSSI PMA RX Deserializers ; 0 / 9 ( 0 % )                                   ;
; Total HSSI TX PCSs              ; 0 / 9 ( 0 % )                                   ;
; Total HSSI PMA TX Serializers   ; 0 / 9 ( 0 % )                                   ;
; Total PLLs                      ; 0 / 15 ( 0 % )                                  ;
; Total DLLs                      ; 0 / 4 ( 0 % )                                   ;
+---------------------------------+-------------------------------------------------+


+-----------------------------------------+
; Flow Settings                           ;
+-------------------+---------------------+
; Option            ; Setting             ;
+-------------------+---------------------+
; Start date & time ; 10/08/2020 10:19:43 ;
; Main task         ; Compilation         ;
; Revision Name     ; DE10_Standard       ;
+-------------------+---------------------+


+-------------------------------------------------------------------------------------------------------------------------------------------------+
; Flow Non-Default Global Settings                                                                                                                ;
+--------------------------------------+----------------------------------------+---------------+-------------+-----------------------------------+
; Assignment Name                      ; Value                                  ; Default Value ; Entity Name ; Section Id                        ;
+--------------------------------------+----------------------------------------+---------------+-------------+-----------------------------------+
; COMPILER_SIGNATURE_ID                ; 168202115806278.160217398308332        ; --            ; --          ; --                                ;
; EDA_DESIGN_INSTANCE_NAME             ; NA                                     ; --            ; --          ; TB_ECEN3002_Project1              ;
; EDA_GENERATE_FUNCTIONAL_NETLIST      ; Off                                    ; --            ; --          ; eda_board_design_timing           ;
; EDA_GENERATE_FUNCTIONAL_NETLIST      ; Off                                    ; --            ; --          ; eda_board_design_boundary_scan    ;
; EDA_GENERATE_FUNCTIONAL_NETLIST      ; Off                                    ; --            ; --          ; eda_board_design_signal_integrity ;
; EDA_GENERATE_FUNCTIONAL_NETLIST      ; Off                                    ; --            ; --          ; eda_board_design_symbol           ;
; EDA_NATIVELINK_SIMULATION_TEST_BENCH ; TB_ECEN3002_Project1                   ; --            ; --          ; eda_simulation                    ;
; EDA_OUTPUT_DATA_FORMAT               ; Verilog Hdl                            ; --            ; --          ; eda_simulation                    ;
; EDA_SIMULATION_TOOL                  ; ModelSim-Altera (Verilog)              ; <None>        ; --          ; --                                ;
; EDA_TEST_BENCH_ENABLE_STATUS         ; TEST_BENCH_MODE                        ; --            ; --          ; eda_simulation                    ;
; EDA_TEST_BENCH_FILE                  ; TB_ECEN3002_Project1.v                 ; --            ; --          ; TB_ECEN3002_Project1              ;
; EDA_TEST_BENCH_MODULE_NAME           ; TB_ECEN3002_Project1                   ; --            ; --          ; TB_ECEN3002_Project1              ;
; EDA_TEST_BENCH_NAME                  ; TB_ECEN3002_Project1                   ; --            ; --          ; eda_simulation                    ;
; EDA_TIME_SCALE                       ; 1 ps                                   ; --            ; --          ; eda_simulation                    ;
; MAX_CORE_JUNCTION_TEMP               ; 85                                     ; --            ; --          ; --                                ;
; MIN_CORE_JUNCTION_TEMP               ; 0                                      ; --            ; --          ; --                                ;
; PARTITION_COLOR                      ; -- (Not supported for targeted family) ; --            ; --          ; Top                               ;
; PARTITION_FITTER_PRESERVATION_LEVEL  ; -- (Not supported for targeted family) ; --            ; --          ; Top                               ;
; PARTITION_NETLIST_TYPE               ; -- (Not supported for targeted family) ; --            ; --          ; Top                               ;
; POWER_BOARD_THERMAL_MODEL            ; None (CONSERVATIVE)                    ; --            ; --          ; --                                ;
; POWER_PRESET_COOLING_SOLUTION        ; 23 MM HEAT SINK WITH 200 LFPM AIRFLOW  ; --            ; --          ; --                                ;
+--------------------------------------+----------------------------------------+---------------+-------------+-----------------------------------+


+--------------------------------------------------------------------------------------------------------------------------+
; Flow Elapsed Time                                                                                                        ;
+----------------------+--------------+-------------------------+---------------------+------------------------------------+
; Module Name          ; Elapsed Time ; Average Processors Used ; Peak Virtual Memory ; Total CPU Time (on all processors) ;
+----------------------+--------------+-------------------------+---------------------+------------------------------------+
; Analysis & Synthesis ; 00:00:08     ; 1.0                     ; 4792 MB             ; 00:00:20                           ;
; Fitter               ; 00:00:32     ; 1.0                     ; 6744 MB             ; 00:01:11                           ;
; Assembler            ; 00:00:06     ; 1.0                     ; 4846 MB             ; 00:00:06                           ;
; Timing Analyzer      ; 00:00:05     ; 1.0                     ; 5142 MB             ; 00:00:04                           ;
; EDA Netlist Writer   ; 00:00:01     ; 1.0                     ; 4734 MB             ; 00:00:01                           ;
; Total                ; 00:00:52     ; --                      ; --                  ; 00:01:42                           ;
+----------------------+--------------+-------------------------+---------------------+------------------------------------+


+----------------------------------------------------------------------------------------------+
; Flow OS Summary                                                                              ;
+----------------------+----------------------------+------------+------------+----------------+
; Module Name          ; Machine Hostname           ; OS Name    ; OS Version ; Processor type ;
+----------------------+----------------------------+------------+------------+----------------+
; Analysis & Synthesis ; Adam-Chehadi-Lenovo-Legion ; Windows 10 ; 10.0       ; x86_64         ;
; Fitter               ; Adam-Chehadi-Lenovo-Legion ; Windows 10 ; 10.0       ; x86_64         ;
; Assembler            ; Adam-Chehadi-Lenovo-Legion ; Windows 10 ; 10.0       ; x86_64         ;
; Timing Analyzer      ; Adam-Chehadi-Lenovo-Legion ; Windows 10 ; 10.0       ; x86_64         ;
; EDA Netlist Writer   ; Adam-Chehadi-Lenovo-Legion ; Windows 10 ; 10.0       ; x86_64         ;
+----------------------+----------------------------+------------+------------+----------------+


------------
; Flow Log ;
------------
quartus_map --read_settings_files=on --write_settings_files=off DE10_Standard -c DE10_Standard
quartus_fit --read_settings_files=off --write_settings_files=off DE10_Standard -c DE10_Standard
quartus_asm --read_settings_files=off --write_settings_files=off DE10_Standard -c DE10_Standard
quartus_sta DE10_Standard -c DE10_Standard
quartus_eda --read_settings_files=off --write_settings_files=off DE10_Standard -c DE10_Standard



